2025-03-16 13:32:54,132 - TelegramReset - INFO - Starting Telegram session reset...
2025-03-16 13:32:54,133 - TelegramReset - INFO - Deleting any existing Telegram webhook...
2025-03-16 13:32:54,293 - TelegramReset - INFO - Delete webhook response: 200 - {"ok":true,"result":true,"description":"Webhook is already deleted"}
2025-03-16 13:32:54,293 - TelegramReset - INFO - Clearing existing getUpdates sessions...
2025-03-16 13:32:55,430 - TelegramReset - INFO - Initial getUpdates response: 200
2025-03-16 13:32:55,431 - TelegramReset - INFO - Waiting for Telegram API to process changes...
2025-03-16 13:33:00,433 - TelegramReset - INFO - Telegram session reset completed
2025-03-16 14:04:14,262 - Cleanup - INFO - Starting cleanup process...
2025-03-16 14:04:14,263 - Cleanup - INFO - Checking for existing instances...
2025-03-16 14:04:15,242 - Cleanup - INFO - Checking for Telegram connections...
2025-03-16 14:04:15,242 - Cleanup - INFO - Waiting for processes to terminate...
2025-03-16 14:04:20,243 - Cleanup - INFO - Resetting Telegram webhook...
2025-03-16 14:04:20,243 - TelegramReset - INFO - Deleting any existing Telegram webhook...
2025-03-16 14:04:20,413 - TelegramReset - INFO - Delete webhook response: 200 - {"ok":true,"result":true,"description":"Webhook is already deleted"}
2025-03-16 14:04:20,414 - TelegramReset - INFO - Clearing existing getUpdates sessions...
2025-03-16 14:04:21,547 - TelegramReset - INFO - Initial getUpdates response: 200
2025-03-16 14:04:21,547 - TelegramReset - INFO - Waiting for Telegram API to process changes...
2025-03-16 14:04:26,548 - Cleanup - INFO - Waiting for Telegram reset to take effect...
2025-03-16 14:04:36,550 - Cleanup - INFO - Starting main application...
2025-03-16 14:15:43,068 - TelegramReset - INFO - Starting Telegram session reset...
2025-03-16 14:15:43,068 - TelegramReset - INFO - Deleting any existing Telegram webhook...
2025-03-16 14:15:43,234 - TelegramReset - INFO - Delete webhook response: 200 - {"ok":true,"result":true,"description":"Webhook is already deleted"}
2025-03-16 14:15:43,235 - TelegramReset - INFO - Clearing existing getUpdates sessions...
2025-03-16 14:15:44,413 - TelegramReset - INFO - Initial getUpdates response: 200
2025-03-16 14:15:44,414 - TelegramReset - INFO - Waiting for Telegram API to process changes...
2025-03-16 14:15:49,415 - TelegramReset - INFO - Telegram session reset completed
2025-03-18 09:11:34,524 - TelegramReset - INFO - Starting Telegram session reset...
2025-03-18 09:11:34,525 - TelegramReset - INFO - Deleting any existing Telegram webhook...
2025-03-18 09:11:34,725 - TelegramReset - INFO - Delete webhook response: 200 - {"ok":true,"result":true,"description":"Webhook is already deleted"}
2025-03-18 09:11:34,726 - TelegramReset - INFO - Clearing existing getUpdates sessions...
2025-03-18 09:11:35,868 - TelegramReset - INFO - Initial getUpdates response: 200
2025-03-18 09:11:35,868 - TelegramReset - INFO - Waiting for Telegram API to process changes...
2025-03-18 09:11:40,870 - TelegramReset - INFO - Telegram session reset completed
2025-03-18 13:10:11,326 - TelegramReset - INFO - Starting Telegram session reset...
2025-03-18 13:10:11,327 - TelegramReset - INFO - Deleting any existing Telegram webhook...
2025-03-18 13:10:11,491 - TelegramReset - INFO - Delete webhook response: 200 - {"ok":true,"result":true,"description":"Webhook is already deleted"}
2025-03-18 13:10:11,491 - TelegramReset - INFO - Clearing existing getUpdates sessions...
2025-03-18 13:10:12,650 - TelegramReset - INFO - Initial getUpdates response: 200
2025-03-18 13:10:12,651 - TelegramReset - INFO - Waiting for Telegram API to process changes...
2025-03-18 13:10:17,652 - TelegramReset - INFO - Telegram session reset completed
2025-03-18 19:29:57,941 - TelegramReset - INFO - Starting Telegram session reset...
2025-03-18 19:29:57,942 - TelegramReset - INFO - Deleting any existing Telegram webhook...
2025-03-18 19:29:58,093 - TelegramReset - INFO - Delete webhook response: 200 - {"ok":true,"result":true,"description":"Webhook is already deleted"}
2025-03-18 19:29:58,093 - TelegramReset - INFO - Clearing existing getUpdates sessions...
2025-03-18 19:29:59,232 - TelegramReset - INFO - Initial getUpdates response: 200
2025-03-18 19:29:59,232 - TelegramReset - INFO - Waiting for Telegram API to process changes...
2025-03-18 19:30:04,234 - TelegramReset - INFO - Telegram session reset completed
