2025-03-19 08:02:16,965 - Upgrade - INFO - Starting upgrade process...
2025-03-19 08:02:16,965 - Upgrade - INFO - Backing up existing data...
2025-03-19 08:02:16,965 - Upgrade - INFO - Backup completed to directory: backup_20250319_080216
2025-03-19 08:02:16,965 - Upgrade - INFO - Updating database schema...
2025-03-19 15:31:17,942 - Upgrade - INFO - Starting upgrade process...
2025-03-19 15:31:17,942 - Upgrade - INFO - Backing up existing data...
2025-03-19 15:31:17,942 - Upgrade - INFO - Backup completed to directory: backup_20250319_153117
2025-03-19 15:31:17,942 - Upgrade - INFO - Updating database schema...
2025-03-19 16:44:38,699 - Upgrade - INFO - Starting upgrade process...
2025-03-19 16:44:38,699 - Upgrade - INFO - Backing up existing data...
2025-03-19 16:44:38,699 - Upgrade - INFO - Created data directory: data
2025-03-19 16:44:38,699 - Upgrade - INFO - Updating database schema...
2025-03-19 16:44:38,746 - Upgrade - INFO - Creating model_predictions table
2025-03-19 16:44:38,746 - Upgrade - INFO - Database schema updated successfully
2025-03-19 16:44:38,746 - Upgrade - INFO - Installing new files...
2025-03-19 16:44:38,746 - Upgrade - INFO - Created directory structure
2025-03-19 16:44:38,746 - Upgrade - INFO - New files installed successfully
2025-03-19 16:44:38,746 - Upgrade - INFO - Upgrade completed successfully. Backup stored in backup_20250319_164438
2025-03-19 16:44:38,746 - Upgrade - INFO - You can now run the enhanced system with: python main_enhanced.py
2025-03-19 21:42:54,079 - Upgrade - INFO - Starting upgrade process...
2025-03-19 21:42:54,079 - Upgrade - INFO - Backing up existing data...
2025-03-19 21:42:54,110 - Upgrade - INFO - Backed up market_data.db
2025-03-19 21:42:54,126 - Upgrade - INFO - Backed up indicators.db
2025-03-19 21:42:54,141 - Upgrade - INFO - Backed up signals.db
2025-03-19 21:42:54,141 - Upgrade - INFO - Backed up positions.db
2025-03-19 21:42:54,157 - Upgrade - INFO - Backed up ai_model.db
2025-03-19 21:42:54,158 - Upgrade - INFO - Backed up config.db
2025-03-19 21:42:54,158 - Upgrade - INFO - Backup completed to directory: backup_20250319_214254
2025-03-19 21:42:54,158 - Upgrade - INFO - Updating database schema...
2025-03-19 21:42:54,170 - Upgrade - INFO - Database schema updated successfully
2025-03-19 21:42:54,170 - Upgrade - INFO - Installing new files...
2025-03-19 21:42:54,170 - Upgrade - INFO - Created directory structure
2025-03-19 21:42:54,170 - Upgrade - INFO - New files installed successfully
2025-03-19 21:42:54,170 - Upgrade - INFO - Upgrade completed successfully. Backup stored in backup_20250319_214254
2025-03-19 21:42:54,170 - Upgrade - INFO - You can now run the enhanced system with: python main_enhanced.py
2025-03-19 22:23:22,623 - Upgrade - INFO - Starting upgrade process...
2025-03-19 22:23:22,623 - Upgrade - INFO - Backing up existing data...
2025-03-19 22:23:22,623 - Upgrade - INFO - Backed up market_data.db
2025-03-19 22:23:22,623 - Upgrade - INFO - Backed up indicators.db
2025-03-19 22:23:22,623 - Upgrade - INFO - Backed up signals.db
2025-03-19 22:23:22,623 - Upgrade - INFO - Backed up positions.db
2025-03-19 22:23:22,623 - Upgrade - INFO - Backed up ai_model.db
2025-03-19 22:23:22,623 - Upgrade - INFO - Backed up config.db
2025-03-19 22:23:22,623 - Upgrade - INFO - Backup completed to directory: backup_20250319_222322
2025-03-19 22:23:22,623 - Upgrade - INFO - Updating database schema...
2025-03-19 22:23:22,639 - Upgrade - INFO - Database schema updated successfully
2025-03-19 22:23:22,639 - Upgrade - INFO - Installing new files...
2025-03-19 22:23:22,639 - Upgrade - INFO - Created directory structure
2025-03-19 22:23:22,639 - Upgrade - INFO - New files installed successfully
2025-03-19 22:23:22,639 - Upgrade - INFO - Upgrade completed successfully. Backup stored in backup_20250319_222322
2025-03-19 22:23:22,639 - Upgrade - INFO - You can now run the enhanced system with: python main_enhanced.py
2025-03-20 00:16:19,292 - Upgrade - INFO - Starting upgrade process...
2025-03-20 00:16:19,292 - Upgrade - INFO - Backing up existing data...
2025-03-20 00:16:19,292 - Upgrade - INFO - Backed up market_data.db
2025-03-20 00:16:19,292 - Upgrade - INFO - Backed up indicators.db
2025-03-20 00:16:19,292 - Upgrade - INFO - Backed up signals.db
2025-03-20 00:16:19,307 - Upgrade - INFO - Backed up positions.db
2025-03-20 00:16:19,307 - Upgrade - INFO - Backed up ai_model.db
2025-03-20 00:16:19,307 - Upgrade - INFO - Backed up config.db
2025-03-20 00:16:19,307 - Upgrade - INFO - Backup completed to directory: backup_20250320_001619
2025-03-20 00:16:19,307 - Upgrade - INFO - Updating database schema...
2025-03-20 00:16:19,307 - Upgrade - INFO - Database schema updated successfully
2025-03-20 00:16:19,307 - Upgrade - INFO - Installing new files...
2025-03-20 00:16:19,307 - Upgrade - INFO - Created directory structure
2025-03-20 00:16:19,307 - Upgrade - INFO - New files installed successfully
2025-03-20 00:16:19,307 - Upgrade - INFO - Upgrade completed successfully. Backup stored in backup_20250320_001619
2025-03-20 00:16:19,307 - Upgrade - INFO - You can now run the enhanced system with: python main_enhanced.py
2025-03-20 01:10:55,837 - Upgrade - INFO - Starting upgrade process...
2025-03-20 01:10:55,837 - Upgrade - INFO - Backing up existing data...
2025-03-20 01:10:55,853 - Upgrade - INFO - Backed up market_data.db
2025-03-20 01:10:55,853 - Upgrade - INFO - Backed up indicators.db
2025-03-20 01:10:55,853 - Upgrade - INFO - Backed up signals.db
2025-03-20 01:10:55,853 - Upgrade - INFO - Backed up positions.db
2025-03-20 01:10:55,853 - Upgrade - INFO - Backed up ai_model.db
2025-03-20 01:10:55,853 - Upgrade - INFO - Backed up config.db
2025-03-20 01:10:55,853 - Upgrade - INFO - Backup completed to directory: backup_20250320_011055
2025-03-20 01:10:55,853 - Upgrade - INFO - Updating database schema...
2025-03-20 01:10:55,853 - Upgrade - INFO - Database schema updated successfully
2025-03-20 01:10:55,853 - Upgrade - INFO - Installing new files...
2025-03-20 01:10:55,853 - Upgrade - INFO - Created directory structure
2025-03-20 01:10:55,853 - Upgrade - INFO - New files installed successfully
2025-03-20 01:10:55,853 - Upgrade - INFO - Upgrade completed successfully. Backup stored in backup_20250320_011055
2025-03-20 01:10:55,853 - Upgrade - INFO - You can now run the enhanced system with: python main_enhanced.py
